{"/Users/xiaodongyu/Learning/learning-git/nodejs/test/helloMocha.js":{"path":"/Users/xiaodongyu/Learning/learning-git/nodejs/test/helloMocha.js","s":{"1":1,"2":1,"3":1,"4":1,"5":1},"b":{},"f":{"1":1,"2":1,"3":1},"fnMap":{"1":{"name":"(anonymous_1)","line":3,"loc":{"start":{"line":3,"column":18},"end":{"line":3,"column":29}}},"2":{"name":"(anonymous_2)","line":4,"loc":{"start":{"line":4,"column":25},"end":{"line":4,"column":36}}},"3":{"name":"(anonymous_3)","line":5,"loc":{"start":{"line":5,"column":58},"end":{"line":5,"column":69}}}},"statementMap":{"1":{"start":{"line":1,"column":0},"end":{"line":1,"column":31}},"2":{"start":{"line":3,"column":0},"end":{"line":9,"column":3}},"3":{"start":{"line":4,"column":2},"end":{"line":8,"column":5}},"4":{"start":{"line":5,"column":4},"end":{"line":7,"column":7}},"5":{"start":{"line":6,"column":6},"end":{"line":6,"column":43}}},"branchMap":{}}}